<?xml version="1.0" encoding="UTF-8"?>
<!-- Generated by org.testng.reporters.JUnitReportReporter -->
<testsuite hostname="XYZ" failures="0" tests="2" name="pages.NewTest" time="41.048" errors="0" timestamp="2020-01-19T15:52:58 IST" skipped="0">
  <testcase classname="pages.NewTest" name="f" time="27.424"/>
  <testcase classname="pages.NewTest" name="f1" time="13.624"/>
</testsuite> <!-- pages.NewTest -->
