<?xml version="1.0" encoding="UTF-8"?>
<!-- Generated by org.testng.reporters.JUnitReportReporter -->
<testsuite hostname="XYZ" failures="0" tests="2" name="pages.NewTest" time="83.006" errors="0" timestamp="2020-02-03T10:14:53 IST" skipped="0">
  <testcase classname="pages.NewTest" name="f" time="39.803"/>
  <testcase classname="pages.NewTest" name="f1" time="43.203"/>
</testsuite> <!-- pages.NewTest -->
